Welker-Farms-Inc_0-clip-3.mp4: 0:01:00.050000
Welker-Farms-Inc_1-clip-13.mp4: 0:01:04.060000
Welker-Farms-Inc_4-manual.mp4: 0:02:40.730000
Welker-Farms-Inc_12-clip-3.mp4: 0:01:01.670000
Welker-Farms-Inc_6-clip-7.mp4: 0:01:03.700000
Welker-Farms-Inc_5-clip-3.mp4: 0:01:05.870000
Welker-Farms-Inc_3-clip-4.mp4: 0:01:02.260000
Welker-Farms-Inc_9-clip-7.mp4: 0:01:05.390000
Welker-Farms-Inc_2-clip-16.mp4: 0:01:03.070000
Welker-Farms-Inc_11-manual.mp4: 0:01:11.430000
Welker-Farms-Inc_10-clip-6.mp4: 0:01:03
Welker-Farms-Inc_8-clip-5.mp4: 0:01:01.200000
Welker-Farms-Inc_7-clip-17.mp4: 0:01:04.850000
Millennial-Farmer_4-clip-4.mp4: 0:01:04.070000
Millennial-Farmer_2-clip-3.mp4: 0:01:02
Millennial-Farmer_8-clip-16.mp4: 0:01:35.880000
Millennial-Farmer_5-clip-3.mp4: 0:01:02.530000
Millennial-Farmer_3-clip-1.mp4: 0:01:02.320000
Millennial-Farmer_6-manual.mp4: 0:01:30.370000
Millennial-Farmer_0-clip-11.mp4: 0:01:07.030000
Millennial-Farmer_10-clip-0.mp4: 0:01:00.510000
Millennial-Farmer_12-clip-10.mp4: 0:01:04.030000
Millennial-Farmer_7-clip-13.mp4: 0:01:00.260000
Millennial-Farmer_9-clip-12.mp4: 0:01:02
Millennial-Farmer_11-clip-4.mp4: 0:01:01.860000
Millennial-Farmer_1-clip-11.mp4: 0:01:02.230000
Hamiltonville-Farm_4-clip-3.mp4: 0:01:08.130000
Hamiltonville-Farm_0-clip-4.mp4: 0:01:12.520000
Hamiltonville-Farm_1-clip-4.mp4: 0:01:04.960000
Hamiltonville-Farm_6-clip-18.mp4: 0:01:08.290000
Hamiltonville-Farm_2-clip-0.mp4: 0:01:02.970000
Hamiltonville-Farm_8-clip-3.mp4: 0:01:06.500000
Hamiltonville-Farm_10-clip-8.mp4: 0:01:00.710000
Hamiltonville-Farm_11-clip-0.mp4: 0:01:01.960000
Hamiltonville-Farm_7-clip-15.mp4: 0:01:06.400000
Hamiltonville-Farm_9-manual.mp4: 0:01:05.030000
Hamiltonville-Farm_5-clip-1.mp4: 0:01:07.340000
Hamiltonville-Farm_3-clip-9.mp4: 0:01:06.670000
Peterson-Farm-Bros_3-clip-2.mp4: 0:01:07.410000
Peterson-Farm-Bros_2-clip-13.mp4: 0:00:49.020000
Peterson-Farm-Bros_10-clip-3.mp4: 0:01:02.900000
Peterson-Farm-Bros_11-clip-1.mp4: 0:01:12.560000
Peterson-Farm-Bros_9-clip-2.mp4: 0:01:06.500000
Peterson-Farm-Bros_7-clip-1.mp4: 0:01:41.200000
Peterson-Farm-Bros_8-clip-0.mp4: 0:01:04.480000
Peterson-Farm-Bros_6-clip-4.mp4: 0:02:23.140000
Peterson-Farm-Bros_4-clip-2.mp4: 0:01:03.600000
Peterson-Farm-Bros_5-clip-2.mp4: 0:01:18.460000
Peterson-Farm-Bros_1-clip-2.mp4: 0:02:43.210000
Peterson-Farm-Bros_0-clip-0.mp4: 0:01:48.350000
Olly's-Farm_7-clip-11.mp4: 0:01:45.610000
Olly's-Farm_3-clip-3.mp4: 0:01:07.440000
Olly's-Farm_4-clip-5.mp4: 0:01:11.080000
Olly's-Farm_6-clip-1.mp4: 0:01:00.790000
Olly's-Farm_10-clip-1.mp4: 0:01:13.210000
Olly's-Farm_8-clip-3.mp4: 0:01:00.230000
Olly's-Farm_2-clip-8.mp4: 0:01:20.430000
Olly's-Farm_11-clip-1.mp4: 0:01:04.330000
Olly's-Farm_1-clip-5.mp4: 0:01:09.220000
Olly's-Farm_5-clip-7.mp4: 0:01:00.930000
Olly's-Farm_0-clip-6.mp4: 0:01:09.100000
Olly's-Farm_9-clip-7.mp4: 0:01:04.320000
RealAgriculture_6-clip-0.mp4: 0:02:45.930000
RealAgriculture_8-clip-0.mp4: 0:02:31.160000
RealAgriculture_11-clip-1.mp4: 0:01:49.400000
RealAgriculture_9-clip-1.mp4: 0:01:21.420000
RealAgriculture_3-clip-1.mp4: 0:01:16.490000
RealAgriculture_1-clip-0.mp4: 0:02:31.550000
RealAgriculture_5-clip-0.mp4: 0:01:49.410000
RealAgriculture_4-clip-0.mp4: 0:01:00.210000
RealAgriculture_12-clip-1.mp4: 0:01:23.130000
RealAgriculture_0-clip-1.mp4: 0:01:48.970000
RealAgriculture_2-manual.mp4: 0:01:13.010000
RealAgriculture_10-manual.mp4: 0:02:25.980000
RealAgriculture_7-manual.mp4: 0:03:30.030000
How-Farms-Work_11-clip-1.mp4: 0:01:00.470000
How-Farms-Work_9-manual.mp4: 0:02:20.090000
How-Farms-Work_10-clip-1.mp4: 0:02:27.450000
How-Farms-Work_1-clip-8.mp4: 0:01:01.950000
How-Farms-Work_5-clip-0.mp4: 0:01:00.510000
How-Farms-Work_6-clip-0.mp4: 0:01:08.340000
How-Farms-Work_7-manual.mp4: 0:02:39.030000
How-Farms-Work_8-clip-4.mp4: 0:01:12.240000
How-Farms-Work_2-clip-3.mp4: 0:01:01.740000
How-Farms-Work_0-clip-9.mp4: 0:01:00.090000
How-Farms-Work_4-clip-0.mp4: 0:01:03.130000
How-Farms-Work_3-clip-2.mp4: 0:01:03.860000
John-Suscovich_10-manual.mp4: 0:02:04.020000
John-Suscovich_8-clip-2.mp4: 0:01:04.130000
John-Suscovich_4-clip-0.mp4: 0:01:10.310000
John-Suscovich_7-clip-0.mp4: 0:01:00.910000
John-Suscovich_3-manual.mp4: 0:01:16.020000
John-Suscovich_2-clip-3.mp4: 0:01:35.850000
John-Suscovich_9-manual.mp4: 0:02:11.430000
John-Suscovich_1-clip-0.mp4: 0:01:10.500000
John-Suscovich_6-clip-1.mp4: 0:01:01.930000
John-Suscovich_5-clip-1.mp4: 0:01:09.640000
John-Suscovich_11-clip-2.mp4: 0:02:09.060000
John-Suscovich_0-clip-1.mp4: 0:01:16.140000
John-Suscovich_12-clip-0.mp4: 0:01:18.800000
Missing original videos:




Video clips that pass 4 mins:



Video clips that under half min:



Existing clips number: 100

Max duration: 3.5 min = 210.03 s, min duration: 0.8 min = 49.02 s, average duration:     1.4 min = 81.35700000000003 s
