For Agriculture:

Welker-Farms-Inc_0-clip-3.mp4: 0:01:00.050000
Welker-Farms-Inc_1-clip-13.mp4: 0:01:04.060000
Welker-Farms-Inc_4-manual.mp4: 0:02:40.730000
Welker-Farms-Inc_12-clip-3.mp4: 0:01:01.670000
Welker-Farms-Inc_6-clip-7.mp4: 0:01:03.700000
Welker-Farms-Inc_5-clip-3.mp4: 0:01:05.870000
Welker-Farms-Inc_3-clip-4.mp4: 0:01:02.260000
Welker-Farms-Inc_9-clip-7.mp4: 0:01:05.390000
Welker-Farms-Inc_2-clip-16.mp4: 0:01:03.070000
Welker-Farms-Inc_11-manual.mp4: 0:01:11.430000
Welker-Farms-Inc_10-clip-6.mp4: 0:01:03
Welker-Farms-Inc_8-clip-5.mp4: 0:01:01.200000
Welker-Farms-Inc_7-clip-17.mp4: 0:01:04.850000
Millennial-Farmer_4-clip-4.mp4: 0:01:04.070000
Millennial-Farmer_2-clip-3.mp4: 0:01:02
Millennial-Farmer_8-clip-16.mp4: 0:01:35.880000
Millennial-Farmer_5-clip-3.mp4: 0:01:02.530000
Millennial-Farmer_3-clip-1.mp4: 0:01:02.320000
Millennial-Farmer_6-manual.mp4: 0:01:30.370000
Millennial-Farmer_0-clip-11.mp4: 0:01:07.030000
Millennial-Farmer_10-clip-0.mp4: 0:01:00.510000
Millennial-Farmer_12-clip-10.mp4: 0:01:04.030000
Millennial-Farmer_7-clip-13.mp4: 0:01:00.260000
Millennial-Farmer_9-clip-12.mp4: 0:01:02
Millennial-Farmer_11-clip-4.mp4: 0:01:01.860000
Millennial-Farmer_1-clip-11.mp4: 0:01:02.230000
Hamiltonville-Farm_4-clip-3.mp4: 0:01:08.130000
Hamiltonville-Farm_0-clip-4.mp4: 0:01:12.520000
Hamiltonville-Farm_1-clip-4.mp4: 0:01:04.960000
Hamiltonville-Farm_6-clip-18.mp4: 0:01:08.290000
Hamiltonville-Farm_2-clip-0.mp4: 0:01:02.970000
Hamiltonville-Farm_8-clip-3.mp4: 0:01:06.500000
Hamiltonville-Farm_10-clip-8.mp4: 0:01:00.710000
Hamiltonville-Farm_11-clip-0.mp4: 0:01:01.960000
Hamiltonville-Farm_7-clip-15.mp4: 0:01:06.400000
Hamiltonville-Farm_9-manual.mp4: 0:01:05.030000
Hamiltonville-Farm_5-clip-1.mp4: 0:01:07.340000
Hamiltonville-Farm_3-clip-9.mp4: 0:01:06.670000
Peterson-Farm-Bros_3-clip-2.mp4: 0:01:07.410000
Peterson-Farm-Bros_2-clip-13.mp4: 0:00:49.020000
Peterson-Farm-Bros_10-clip-3.mp4: 0:01:02.900000
Peterson-Farm-Bros_11-clip-1.mp4: 0:01:12.560000
Peterson-Farm-Bros_9-clip-2.mp4: 0:01:06.500000
Peterson-Farm-Bros_7-clip-1.mp4: 0:01:41.200000
Peterson-Farm-Bros_8-clip-0.mp4: 0:01:04.480000
Peterson-Farm-Bros_6-clip-4.mp4: 0:02:23.140000
Peterson-Farm-Bros_4-clip-2.mp4: 0:01:03.600000
Peterson-Farm-Bros_5-clip-2.mp4: 0:01:18.460000
Peterson-Farm-Bros_1-clip-2.mp4: 0:02:43.210000
Peterson-Farm-Bros_0-clip-0.mp4: 0:01:48.350000
Olly's-Farm_7-clip-11.mp4: 0:01:45.610000
Olly's-Farm_3-clip-3.mp4: 0:01:07.440000
Olly's-Farm_4-clip-5.mp4: 0:01:11.080000
Olly's-Farm_6-clip-1.mp4: 0:01:00.790000
Olly's-Farm_10-clip-1.mp4: 0:01:13.210000
Olly's-Farm_8-clip-3.mp4: 0:01:00.230000
Olly's-Farm_2-clip-8.mp4: 0:01:20.430000
Olly's-Farm_11-clip-1.mp4: 0:01:04.330000
Olly's-Farm_1-clip-5.mp4: 0:01:09.220000
Olly's-Farm_5-clip-7.mp4: 0:01:00.930000
Olly's-Farm_0-clip-6.mp4: 0:01:09.100000
Olly's-Farm_9-clip-7.mp4: 0:01:04.320000
RealAgriculture_6-clip-0.mp4: 0:02:45.930000
RealAgriculture_8-clip-0.mp4: 0:02:31.160000
RealAgriculture_11-clip-1.mp4: 0:01:49.400000
RealAgriculture_9-clip-1.mp4: 0:01:21.420000
RealAgriculture_3-clip-1.mp4: 0:01:16.490000
RealAgriculture_1-clip-0.mp4: 0:02:31.550000
RealAgriculture_5-clip-0.mp4: 0:01:49.410000
RealAgriculture_4-clip-0.mp4: 0:01:00.210000
RealAgriculture_12-clip-1.mp4: 0:01:23.130000
RealAgriculture_0-clip-1.mp4: 0:01:48.970000
RealAgriculture_2-manual.mp4: 0:01:13.010000
RealAgriculture_10-manual.mp4: 0:02:25.980000
RealAgriculture_7-manual.mp4: 0:03:30.030000
How-Farms-Work_11-clip-1.mp4: 0:01:00.470000
How-Farms-Work_9-manual.mp4: 0:02:20.090000
How-Farms-Work_10-clip-1.mp4: 0:02:27.450000
How-Farms-Work_1-clip-8.mp4: 0:01:01.950000
How-Farms-Work_5-clip-0.mp4: 0:01:00.510000
How-Farms-Work_6-clip-0.mp4: 0:01:08.340000
How-Farms-Work_7-manual.mp4: 0:02:39.030000
How-Farms-Work_8-clip-4.mp4: 0:01:12.240000
How-Farms-Work_2-clip-3.mp4: 0:01:01.740000
How-Farms-Work_0-clip-9.mp4: 0:01:00.090000
How-Farms-Work_4-clip-0.mp4: 0:01:03.130000
How-Farms-Work_3-clip-2.mp4: 0:01:03.860000
John-Suscovich_10-manual.mp4: 0:02:04.020000
John-Suscovich_8-clip-2.mp4: 0:01:04.130000
John-Suscovich_4-clip-0.mp4: 0:01:10.310000
John-Suscovich_7-clip-0.mp4: 0:01:00.910000
John-Suscovich_3-manual.mp4: 0:01:16.020000
John-Suscovich_2-clip-3.mp4: 0:01:35.850000
John-Suscovich_9-manual.mp4: 0:02:11.430000
John-Suscovich_1-clip-0.mp4: 0:01:10.500000
John-Suscovich_6-clip-1.mp4: 0:01:01.930000
John-Suscovich_5-clip-1.mp4: 0:01:09.640000
John-Suscovich_11-clip-2.mp4: 0:02:09.060000
John-Suscovich_0-clip-1.mp4: 0:01:16.140000
John-Suscovich_12-clip-0.mp4: 0:01:18.800000
Existing clips number: 100

For Geography:

TK-Hinshaw_6-clip-0.mp4: 0:01:00.660000
TK-Hinshaw_3-clip-1.mp4: 0:01:13.340000
TK-Hinshaw_2-clip-4.mp4: 0:00:16.070000
TK-Hinshaw_7-clip-0.mp4: 0:01:03.730000
TK-Hinshaw_9-clip-2.mp4: 0:00:19.410000
TK-Hinshaw_0-clip-0.mp4: 0:01:06.940000
TK-Hinshaw_11-clip-0.mp4: 0:01:09.520000
TK-Hinshaw_1-clip-1.mp4: 0:01:11.260000
TK-Hinshaw_5-clip-0.mp4: 0:01:25.220000
TK-Hinshaw_4-clip-3.mp4: 0:00:43.240000
TK-Hinshaw_10-clip-0.mp4: 0:00:51.460000
TK-Hinshaw_12-clip-0.mp4: 0:01:00.160000
TK-Hinshaw_8-clip-1.mp4: 0:01:11.750000
Norwegian-Explorer_2-clip-0.mp4: 0:03:54.240000
Norwegian-Explorer_1-clip-26.mp4: 0:01:04.630000
Norwegian-Explorer_4-clip-17.mp4: 0:01:09.340000
Norwegian-Explorer_5-manual.mp4: 0:01:03.160000
Norwegian-Explorer_7-clip-0.mp4: 0:01:01.330000
Norwegian-Explorer_6-clip-59.mp4: 0:00:52.150000
Norwegian-Explorer_0-clip-10.mp4: 0:01:06.670000
Norwegian-Explorer_11-clip-54.mp4: 0:01:16.720000
Norwegian-Explorer_8-clip-1.mp4: 0:01:19.270000
Norwegian-Explorer_3-clip-35.mp4: 0:01:11.240000
Norwegian-Explorer_9-clip-13.mp4: 0:02:04.700000
Norwegian-Explorer_10-clip-16.mp4: 0:01:18.370000
Primal-Earth-Sounds_3-clip-48.mp4: 0:01:06.800000
Primal-Earth-Sounds_9-clip-26.mp4: 0:01:03.460000
Primal-Earth-Sounds_5-clip-20.mp4: 0:01:30.830000
Primal-Earth-Sounds_6-clip-40.mp4: 0:01:08.690000
Primal-Earth-Sounds_10-clip-7.mp4: 0:03:06.040000
Primal-Earth-Sounds_7-clip-32.mp4: 0:01:13.330000
Primal-Earth-Sounds_11-clip-7.mp4: 0:02:36.710000
Primal-Earth-Sounds_0-clip-44.mp4: 0:03:44.510000
Primal-Earth-Sounds_2-manual.mp4: 0:00:51.020000
Primal-Earth-Sounds_1-clip-74.mp4: 0:02:31.560000
Primal-Earth-Sounds_8-clip-21.mp4: 0:01:07.520000
Primal-Earth-Sounds_4-clip-30.mp4: 0:01:04.920000
TreadmillTV_6-clip-2.mp4: 0:01:23.980000
TreadmillTV_7-clip-15.mp4: 0:02:00.620000
TreadmillTV_8-clip-11.mp4: 0:01:49.090000
TreadmillTV_11-clip-24.mp4: 0:01:02.100000
TreadmillTV_0-clip-2.mp4: 0:01:01.070000
TreadmillTV_1-clip-13.mp4: 0:01:06.570000
TreadmillTV_5-clip-7.mp4: 0:02:43.430000
TreadmillTV_3-clip-12.mp4: 0:01:01.950000
TreadmillTV_9-clip-2.mp4: 0:03:13.280000
TreadmillTV_12-manual.mp4: 0:01:30.020000
TreadmillTV_10-clip-15.mp4: 0:01:26.380000
TreadmillTV_4-clip-5.mp4: 0:02:41.660000
TreadmillTV_2-clip-1.mp4: 0:01:08.340000
The-Flying-Dutchman_7-clip-29.mp4: 0:01:41.380000
The-Flying-Dutchman_9-clip-5.mp4: 0:01:03
The-Flying-Dutchman_3-clip-11.mp4: 0:01:42.800000
The-Flying-Dutchman_10-clip-16.mp4: 0:01:00.470000
The-Flying-Dutchman_1-clip-0.mp4: 0:01:09.870000
The-Flying-Dutchman_6-clip-7.mp4: 0:01:03.480000
The-Flying-Dutchman_4-clip-9.mp4: 0:01:12.750000
The-Flying-Dutchman_11-clip-14.mp4: 0:01:01.560000
The-Flying-Dutchman_8-clip-25.mp4: 0:01:47.070000
The-Flying-Dutchman_2-clip-10.mp4: 0:01:04.480000
The-Flying-Dutchman_0-clip-6.mp4: 0:01:15.930000
The-Flying-Dutchman_5-clip-30.mp4: 0:01:11.100000
4k-Relaxation_6-manual.mp4: 0:01:10.030000
4k-Relaxation_8-manual.mp4: 0:01:19.650000
4k-Relaxation_1-clip-194.mp4: 0:01:01.380000
4k-Relaxation_9-clip-0.mp4: 0:01:05.020000
4k-Relaxation_7-clip-9.mp4: 0:03:46.230000
4k-Relaxation_10-manual.mp4: 0:01:14.860000
4k-Relaxation_3-clip-4.mp4: 0:01:59.980000
4k-Relaxation_4-clip-4.mp4: 0:01:09.870000
4k-Relaxation_0-clip-2.mp4: 0:01:17.950000
4k-Relaxation_12-clip-6.mp4: 0:03:14.350000
4k-Relaxation_11-manual.mp4: 0:02:01.890000
4k-Relaxation_5-manual.mp4: 0:01:20.830000
4k-Relaxation_2-clip-28.mp4: 0:03:35.020000
Virtual-Running-Videos_8-clip-16.mp4: 0:01:32.930000
Virtual-Running-Videos_3-clip-16.mp4: 0:02:08.890000
Virtual-Running-Videos_0-manual.mp4: 0:01:14.940000
Virtual-Running-Videos_4-clip-16.mp4: 0:01:06.940000
Virtual-Running-Videos_5-clip-20.mp4: 0:02:03.880000
Virtual-Running-Videos_7-clip-11.mp4: 0:01:45.140000
Virtual-Running-Videos_9-clip-1.mp4: 0:02:18.870000
Virtual-Running-Videos_6-manual.mp4: 0:01:01.790000
Virtual-Running-Videos_1-clip-0.mp4: 0:01:00.070000
Virtual-Running-Videos_10-clip-25.mp4: 0:01:03.580000
Virtual-Running-Videos_2-clip-8.mp4: 0:01:40.310000
Virtual-Running-Videos_11-clip-3.mp4: 0:00:55.710000
Nick-Gaillard_1-clip-2.mp4: 0:01:09.170000
Nick-Gaillard_7-clip-0.mp4: 0:01:01.420000
Nick-Gaillard_9-clip-0.mp4: 0:01:01.400000
Nick-Gaillard_4-clip-2.mp4: 0:01:24.310000
Nick-Gaillard_8-clip-1.mp4: 0:01:04.920000
Nick-Gaillard_6-clip-1.mp4: 0:00:23.060000
Nick-Gaillard_0-clip-2.mp4: 0:00:28.610000
Nick-Gaillard_11-clip-1.mp4: 0:01:04.130000
Nick-Gaillard_2-clip-2.mp4: 0:01:08.290000
Nick-Gaillard_10-clip-0.mp4: 0:01:01.230000
Nick-Gaillard_5-clip-0.mp4: 0:01:02
Nick-Gaillard_12-clip-1.mp4: 0:01:03.760000
Nick-Gaillard_3-clip-2.mp4: 0:00:52.710000
Existing clips number: 100

For HumanSurvival:

BC-Bushcraft_6-clip-0.mp4: 0:02:50.270000
BC-Bushcraft_10-clip-8.mp4: 0:01:26.890000
BC-Bushcraft_1-clip-8.mp4: 0:01:06.610000
BC-Bushcraft_4-clip-4.mp4: 0:01:02.600000
BC-Bushcraft_11-clip-31.mp4: 0:03:25.110000
BC-Bushcraft_0-clip-4.mp4: 0:01:17.140000
BC-Bushcraft_7-clip-2.mp4: 0:01:15.420000
BC-Bushcraft_5-clip-10.mp4: 0:01:02.040000
BC-Bushcraft_3-clip-0.mp4: 0:01:04.830000
BC-Bushcraft_9-clip-5.mp4: 0:01:03.720000
BC-Bushcraft_8-clip-6.mp4: 0:01:06.430000
BC-Bushcraft_2-clip-2.mp4: 0:01:07.220000
Joe-Robinet_10-clip-8.mp4: 0:01:09.440000
Joe-Robinet_0-clip-23.mp4: 0:01:05.550000
Joe-Robinet_9-clip-2.mp4: 0:01:07.710000
Joe-Robinet_11-clip-2.mp4: 0:01:06.870000
Joe-Robinet_3-clip-4.mp4: 0:01:07.390000
Joe-Robinet_4-clip-0.mp4: 0:02:57.210000
Joe-Robinet_1-clip-20.mp4: 0:01:05.690000
Joe-Robinet_2-clip-5.mp4: 0:01:14.680000
Joe-Robinet_5-clip-23.mp4: 0:01:00.060000
Joe-Robinet_8-clip-7.mp4: 0:01:37.010000
Joe-Robinet_7-clip-0.mp4: 0:02:15.140000
Joe-Robinet_6-clip-3.mp4: 0:01:01.980000
Bertram-Craft_0-clip-8.mp4: 0:01:25.710000
Bertram-Craft_11-clip-3.mp4: 0:01:41.630000
Bertram-Craft_6-clip-6.mp4: 0:01:24.380000
Bertram-Craft_3-clip-8.mp4: 0:01:01.320000
Bertram-Craft_4-clip-0.mp4: 0:01:05.570000
Bertram-Craft_9-clip-11.mp4: 0:01:05.340000
Bertram-Craft_5-clip-33.mp4: 0:01:27.870000
Bertram-Craft_1-clip-3.mp4: 0:01:01.020000
Bertram-Craft_8-clip-5.mp4: 0:01:03.790000
Bertram-Craft_10-clip-8.mp4: 0:01:01.390000
Bertram-Craft_12-clip-25.mp4: 0:01:05.900000
Bertram-Craft_7-clip-6.mp4: 0:01:02.190000
Bertram-Craft_2-clip-3.mp4: 0:01:08.010000
King-Kong-Amazon_3-clip-9.mp4: 0:01:24.500000
King-Kong-Amazon_1-clip-9.mp4: 0:00:48
King-Kong-Amazon_10-clip-13.mp4: 0:01:16.860000
King-Kong-Amazon_7-clip-3.mp4: 0:01:04.110000
King-Kong-Amazon_5-clip-14.mp4: 0:01:28.100000
King-Kong-Amazon_9-clip-13.mp4: 0:01:02.440000
King-Kong-Amazon_2-clip-7.mp4: 0:01:13.350000
King-Kong-Amazon_12-clip-2.mp4: 0:01:04.810000
King-Kong-Amazon_8-clip-2.mp4: 0:01:34.170000
King-Kong-Amazon_6-clip-3.mp4: 0:01:08.150000
King-Kong-Amazon_11-clip-7.mp4: 0:01:05.040000
King-Kong-Amazon_4-clip-7.mp4: 0:01:23.850000
King-Kong-Amazon_0-clip-5.mp4: 0:01:48.040000
Survival-Skills-Primitive_9-clip-35.mp4: 0:01:21.830000
Survival-Skills-Primitive_1-clip-7.mp4: 0:01:22.040000
Survival-Skills-Primitive_3-clip-0.mp4: 0:01:04.100000
Survival-Skills-Primitive_11-clip-0.mp4: 0:01:00.700000
Survival-Skills-Primitive_6-clip-4.mp4: 0:01:03.760000
Survival-Skills-Primitive_2-clip-2.mp4: 0:01:14.440000
Survival-Skills-Primitive_4-clip-54.mp4: 0:02:24.030000
Survival-Skills-Primitive_7-clip-5.mp4: 0:01:11.240000
Survival-Skills-Primitive_5-clip-3.mp4: 0:01:02.320000
Survival-Skills-Primitive_8-clip-7.mp4: 0:01:01.390000
Survival-Skills-Primitive_0-clip-0.mp4: 0:01:16.030000
Survival-Skills-Primitive_10-clip-4.mp4: 0:01:01.370000
Primitive-Technology_4-clip-2.mp4: 0:01:01.930000
Primitive-Technology_1-clip-8.mp4: 0:01:17.790000
Primitive-Technology_10-clip-3.mp4: 0:01:00.670000
Primitive-Technology_0-clip-0.mp4: 0:01:03.190000
Primitive-Technology_7-clip-4.mp4: 0:01:05.460000
Primitive-Technology_9-clip-5.mp4: 0:01:05.250000
Primitive-Technology_12-clip-3.mp4: 0:01:27.770000
Primitive-Technology_8-clip-1.mp4: 0:01:04.190000
Primitive-Technology_11-clip-8.mp4: 0:01:02.140000
Primitive-Technology_5-clip-0.mp4: 0:01:09.340000
Primitive-Technology_3-clip-1.mp4: 0:01:03.600000
Primitive-Technology_2-clip-2.mp4: 0:01:09.150000
Primitive-Technology_6-clip-3.mp4: 0:01:00.280000
Survival-Instinct_5-clip-12.mp4: 0:01:08.200000
Survival-Instinct_6-clip-0.mp4: 0:01:41.340000
Survival-Instinct_1-clip-10.mp4: 0:01:02.510000
Survival-Instinct_8-clip-4.mp4: 0:01:01.910000
Survival-Instinct_11-clip-10.mp4: 0:01:03.620000
Survival-Instinct_0-clip-6.mp4: 0:01:04.040000
Survival-Instinct_9-clip-2.mp4: 0:01:04.530000
Survival-Instinct_4-clip-14.mp4: 0:01:19.270000
Survival-Instinct_3-clip-7.mp4: 0:01:01.530000
Survival-Instinct_7-clip-8.mp4: 0:01:00.700000
Survival-Instinct_10-clip-9.mp4: 0:01:03.900000
Survival-Instinct_2-clip-1.mp4: 0:01:00.300000
Chad-Zuber_4-clip-2.mp4: 0:01:10.430000
Chad-Zuber_2-clip-4.mp4: 0:01:04.250000
Chad-Zuber_8-clip-3.mp4: 0:01:01.930000
Chad-Zuber_11-clip-1.mp4: 0:01:36.870000
Chad-Zuber_1-clip-10.mp4: 0:01:05.630000
Chad-Zuber_9-clip-2.mp4: 0:01:00.210000
Chad-Zuber_7-clip-7.mp4: 0:01:04.270000
Chad-Zuber_6-clip-6.mp4: 0:01:18.180000
Chad-Zuber_3-clip-1.mp4: 0:01:05.900000
Chad-Zuber_5-clip-0.mp4: 0:01:00.670000
Chad-Zuber_10-clip-20.mp4: 0:01:06.620000
Chad-Zuber_12-clip-12.mp4: 0:01:10.800000
Chad-Zuber_0-clip-1.mp4: 0:01:00.210000
Existing clips number: 100

For Military:

Army-military-2018_3-clip-6.mp4: 0:00:53.340000
Army-military-2018_12-clip-4.mp4: 0:01:11.840000
Army-military-2018_9-clip-34.mp4: 0:01:01.510000
Army-military-2018_10-clip-0.mp4: 0:01:01.860000
Army-military-2018_7-clip-2.mp4: 0:01:00.700000
Army-military-2018_6-clip-1.mp4: 0:01:00.610000
Army-military-2018_8-clip-73.mp4: 0:01:17.160000
Army-military-2018_5-clip-0.mp4: 0:01:00.460000
Army-military-2018_0-clip-8.mp4: 0:01:01
Army-military-2018_4-clip-0.mp4: 0:03:04.530000
Army-military-2018_1-clip-3.mp4: 0:01:02.300000
Army-military-2018_11-clip-4.mp4: 0:01:05.410000
Army-military-2018_2-clip-0.mp4: 0:01:03.500000
AiirSource-Military_9-manual.mp4: 0:01:13.070000
AiirSource-Military_3-clip-0.mp4: 0:01:02.070000
AiirSource-Military_5-clip-1.mp4: 0:01:01.670000
AiirSource-Military_2-clip-0.mp4: 0:01:02.320000
AiirSource-Military_12-manual.mp4: 0:01:05.710000
AiirSource-Military_7-clip-1.mp4: 0:01:06.080000
AiirSource-Military_10-clip-0.mp4: 0:01:04.700000
AiirSource-Military_8-clip-1.mp4: 0:01:16.710000
AiirSource-Military_6-clip-1.mp4: 0:00:54.540000
AiirSource-Military_11-clip-0.mp4: 0:00:58.840000
AiirSource-Military_1-clip-0.mp4: 0:01:09.570000
AiirSource-Military_4-manual.mp4: 0:00:55.160000
AiirSource-Military_0-clip-2.mp4: 0:02:06.690000
WarLeaks-Military-Blog_8-clip-0.mp4: 0:01:00.610000
WarLeaks-Military-Blog_9-clip-0.mp4: 0:01:11.080000
WarLeaks-Military-Blog_7-clip-1.mp4: 0:00:21.270000
WarLeaks-Military-Blog_4-clip-1.mp4: 0:01:02.970000
WarLeaks-Military-Blog_1-clip-0.mp4: 0:01:00.410000
WarLeaks-Military-Blog_11-manual.mp4: 0:00:38.520000
WarLeaks-Military-Blog_0-clip-0.mp4: 0:01:00.300000
WarLeaks-Military-Blog_3-manual.mp4: 0:00:54.010000
WarLeaks-Military-Blog_5-clip-0.mp4: 0:01:17.420000
WarLeaks-Military-Blog_2-clip-3.mp4: 0:01:05.160000
WarLeaks-Military-Blog_6-clip-0.mp4: 0:00:44.070000
WarLeaks-Military-Blog_10-clip-3.mp4: 0:01:04.740000
Sandboxx_3-clip-0.mp4: 0:01:03.830000
Sandboxx_4-manual.mp4: 0:01:27.020000
Sandboxx_0-clip-4.mp4: 0:01:11.960000
Sandboxx_2-clip-2.mp4: 0:01:01.280000
Sandboxx_11-clip-1.mp4: 0:01:07.180000
Sandboxx_5-manual.mp4: 0:01:00.810000
Sandboxx_7-clip-0.mp4: 0:01:00.300000
Sandboxx_1-clip-1.mp4: 0:01:04.300000
Sandboxx_8-clip-0.mp4: 0:01:00.070000
Sandboxx_6-clip-0.mp4: 0:01:00.610000
Sandboxx_9-clip-4.mp4: 0:01:05.900000
Sandboxx_10-clip-1.mp4: 0:00:39.220000
MilitaryNotes_7-clip-0.mp4: 0:01:02.530000
MilitaryNotes_2-clip-0.mp4: 0:01:00.540000
MilitaryNotes_11-clip-1.mp4: 0:01:02.040000
MilitaryNotes_3-manual.mp4: 0:01:54.010000
MilitaryNotes_5-clip-0.mp4: 0:01:00.300000
MilitaryNotes_9-manual.mp4: 0:00:47.790000
MilitaryNotes_4-clip-0.mp4: 0:01:07.550000
MilitaryNotes_10-clip-0.mp4: 0:01:01.160000
MilitaryNotes_6-clip-1.mp4: 0:01:01.460000
MilitaryNotes_0-clip-0.mp4: 0:01:01.300000
MilitaryNotes_8-clip-0.mp4: 0:01:09.610000
MilitaryNotes_1-clip-0.mp4: 0:01:02.900000
Gung-Ho-Vids_12-clip-1.mp4: 0:01:00.630000
Gung-Ho-Vids_3-clip-0.mp4: 0:01:12.910000
Gung-Ho-Vids_8-clip-0.mp4: 0:01:00.610000
Gung-Ho-Vids_6-clip-0.mp4: 0:01:11.910000
Gung-Ho-Vids_2-clip-2.mp4: 0:01:04.070000
Gung-Ho-Vids_9-clip-0.mp4: 0:01:02.600000
Gung-Ho-Vids_10-clip-0.mp4: 0:01:06
Gung-Ho-Vids_1-clip-3.mp4: 0:01:25.500000
Gung-Ho-Vids_11-clip-4.mp4: 0:01:03.140000
Gung-Ho-Vids_7-clip-1.mp4: 0:01:01.800000
Gung-Ho-Vids_4-clip-0.mp4: 0:01:03.700000
Gung-Ho-Vids_0-clip-2.mp4: 0:01:29.440000
Gung-Ho-Vids_5-clip-2.mp4: 0:01:02.810000
USA-Military-Channel_12-clip-7.mp4: 0:01:07.660000
USA-Military-Channel_9-manual.mp4: 0:01:17.250000
USA-Military-Channel_3-clip-1.mp4: 0:01:01.560000
USA-Military-Channel_6-manual.mp4: 0:02:01.420000
USA-Military-Channel_11-clip-2.mp4: 0:01:03.320000
USA-Military-Channel_10-clip-2.mp4: 0:01:03.930000
USA-Military-Channel_4-clip-0.mp4: 0:01:02.670000
USA-Military-Channel_2-clip-1.mp4: 0:01:03.600000
USA-Military-Channel_0-clip-6.mp4: 0:01:06.630000
USA-Military-Channel_1-clip-1.mp4: 0:01:01.930000
USA-Military-Channel_7-clip-0.mp4: 0:01:20.600000
USA-Military-Channel_5-clip-2.mp4: 0:00:57.190000
USA-Military-Channel_8-clip-3.mp4: 0:01:01.700000
Military-Archive_0-clip-5.mp4: 0:01:00.980000
Military-Archive_4-clip-0.mp4: 0:01:03.030000
Military-Archive_6-clip-0.mp4: 0:01:04.900000
Military-Archive_9-clip-4.mp4: 0:01:01.600000
Military-Archive_3-clip-0.mp4: 0:03:52.080000
Military-Archive_7-clip-4.mp4: 0:01:11.520000
Military-Archive_1-clip-3.mp4: 0:01:00.980000
Military-Archive_10-clip-4.mp4: 0:01:06.200000
Military-Archive_2-clip-1.mp4: 0:01:01.330000
Military-Archive_5-clip-1.mp4: 0:01:06.870000
Military-Archive_8-clip-0.mp4: 0:01:00.460000
Military-Archive_11-clip-0.mp4: 0:01:00.070000
Existing clips number: 100

For NaturalDisasters:

Weathershot_0-clip-2.mp4: 0:01:05.760000
Weathershot_1-clip-0.mp4: 0:01:07.400000
Weathershot_3-clip-1.mp4: 0:01:07.040000
Weathershot_4-clip-1.mp4: 0:01:06.830000
Weathershot_11-clip-0.mp4: 0:01:00.440000
Weathershot_5-clip-0.mp4: 0:01:05.570000
Weathershot_7-clip-0.mp4: 0:01:29.050000
Weathershot_10-clip-0.mp4: 0:01:08.840000
Weathershot_2-clip-2.mp4: 0:00:55.870000
Weathershot_6-clip-0.mp4: 0:01:01.920000
Weathershot_9-clip-1.mp4: 0:01:06.340000
Weathershot_8-clip-2.mp4: 0:00:48.180000
Climate-Change_0-clip-4.mp4: 0:01:04.130000
Climate-Change_10-clip-14.mp4: 0:01:02.560000
Climate-Change_1-clip-10.mp4: 0:01:02.690000
Climate-Change_9-clip-3.mp4: 0:01:01.740000
Climate-Change_8-clip-9.mp4: 0:01:09.500000
Climate-Change_3-clip-8.mp4: 0:01:08.830000
Climate-Change_2-clip-4.mp4: 0:01:04.470000
Climate-Change_11-clip-14.mp4: 0:01:04.670000
Climate-Change_12-clip-16.mp4: 0:01:05.030000
Climate-Change_6-clip-7.mp4: 0:01:08.170000
Climate-Change_5-clip-11.mp4: 0:01:00.330000
Climate-Change_4-clip-2.mp4: 0:01:13.270000
Climate-Change_7-clip-3.mp4: 0:01:07.430000
Skip-Talbot_8-clip-6.mp4: 0:01:06.900000
Skip-Talbot_9-clip-0.mp4: 0:01:23.380000
Skip-Talbot_11-clip-3.mp4: 0:01:02.140000
Skip-Talbot_10-clip-0.mp4: 0:01:06.800000
Skip-Talbot_6-clip-5.mp4: 0:01:10.130000
Skip-Talbot_5-clip-1.mp4: 0:00:50.640000
Skip-Talbot_7-clip-4.mp4: 0:01:04.870000
Skip-Talbot_2-clip-0.mp4: 0:01:02.670000
Skip-Talbot_1-clip-0.mp4: 0:00:58.270000
Skip-Talbot_4-clip-2.mp4: 0:00:58.680000
Skip-Talbot_0-clip-9.mp4: 0:01:23.640000
Skip-Talbot_3-clip-9.mp4: 0:01:13.240000
Skip-Talbot_12-clip-2.mp4: 0:01:39.570000
Tornado-Trackers_2-clip-2.mp4: 0:01:00.810000
Tornado-Trackers_8-clip-2.mp4: 0:01:08.590000
Tornado-Trackers_9-clip-1.mp4: 0:01:06.480000
Tornado-Trackers_3-clip-0.mp4: 0:01:40.910000
Tornado-Trackers_6-clip-2.mp4: 0:01:09.900000
Tornado-Trackers_0-clip-1.mp4: 0:00:46.370000
Tornado-Trackers_4-clip-4.mp4: 0:01:20.110000
Tornado-Trackers_7-clip-3.mp4: 0:01:15
Tornado-Trackers_10-clip-4.mp4: 0:01:00.490000
Tornado-Trackers_5-clip-3.mp4: 0:01:05.130000
Tornado-Trackers_1-clip-0.mp4: 0:01:00.810000
Tornado-Trackers_11-clip-1.mp4: 0:01:25.250000
Natural-Disaster_1-manual.mp4: 0:00:11.350000
Natural-Disaster_0-clip-0.mp4: 0:00:29.470000
Natural-Disaster_7-clip-0.mp4: 0:00:17.020000
Natural-Disaster_4-manual.mp4: 0:00:22.730000
Natural-Disaster_11-clip-0.mp4: 0:00:31.350000
Natural-Disaster_6-clip-0.mp4: 0:00:37.480000
Natural-Disaster_10-clip-0.mp4: 0:01:01.230000
Natural-Disaster_5-clip-0.mp4: 0:00:52.920000
Natural-Disaster_2-clip-1.mp4: 0:00:38.620000
Natural-Disaster_9-clip-0.mp4: 0:00:41.540000
Natural-Disaster_3-manual.mp4: 0:00:26.190000
Natural-Disaster_8-clip-0.mp4: 0:01:05.780000
Ultimate-Chase_11-clip-0.mp4: 0:00:46.810000
Ultimate-Chase_8-clip-0.mp4: 0:01:00.350000
Ultimate-Chase_10-clip-2.mp4: 0:01:04.810000
Ultimate-Chase_1-clip-2.mp4: 0:01:03.370000
Ultimate-Chase_0-clip-0.mp4: 0:01:06.100000
Ultimate-Chase_4-clip-0.mp4: 0:00:57.190000
Ultimate-Chase_2-clip-0.mp4: 0:01:02.730000
Ultimate-Chase_5-clip-0.mp4: 0:01:02.130000
Ultimate-Chase_7-clip-0.mp4: 0:01:06.400000
Ultimate-Chase_9-clip-0.mp4: 0:01:33.810000
Ultimate-Chase_3-clip-4.mp4: 0:01:02.730000
Ultimate-Chase_6-manual.mp4: 0:00:31.250000
Disaster-Compilations_12-clip-0.mp4: 0:01:09.280000
Disaster-Compilations_6-clip-2.mp4: 0:01:03.040000
Disaster-Compilations_7-clip-1.mp4: 0:00:44.100000
Disaster-Compilations_2-clip-2.mp4: 0:01:08.990000
Disaster-Compilations_5-clip-0.mp4: 0:01:00.300000
Disaster-Compilations_0-clip-1.mp4: 0:01:01.140000
Disaster-Compilations_9-clip-2.mp4: 0:01:09.030000
Disaster-Compilations_8-clip-4.mp4: 0:01:11.470000
Disaster-Compilations_10-clip-0.mp4: 0:01:05.180000
Disaster-Compilations_3-clip-2.mp4: 0:01:00.730000
Disaster-Compilations_1-clip-1.mp4: 0:01:12.010000
Disaster-Compilations_4-clip-2.mp4: 0:01:03.250000
Disaster-Compilations_11-manual.mp4: 0:00:39.380000
Dan-Robinson_11-clip-0.mp4: 0:00:34.550000
Dan-Robinson_2-manual.mp4: 0:00:47.670000
Dan-Robinson_3-clip-3.mp4: 0:01:02.110000
Dan-Robinson_0-clip-2.mp4: 0:01:45.120000
Dan-Robinson_8-clip-6.mp4: 0:00:45.190000
Dan-Robinson_7-clip-1.mp4: 0:01:05.410000
Dan-Robinson_5-clip-2.mp4: 0:00:36.800000
Dan-Robinson_12-clip-0.mp4: 0:01:06.130000
Dan-Robinson_10-clip-0.mp4: 0:01:03.460000
Dan-Robinson_1-clip-2.mp4: 0:01:02.490000
Dan-Robinson_9-clip-0.mp4: 0:01:01.760000
Dan-Robinson_4-clip-1.mp4: 0:00:57.540000
Dan-Robinson_6-clip-6.mp4: 0:01:06.620000
Existing clips number: 100

Max duration: 3.9 min = 234.24 s,        min duration: 0.2 min = 11.35 s, average duration:             1.2 min = 74.26135999999997 s
