TK-Hinshaw_6-clip-0.mp4: 0:01:00.660000
TK-Hinshaw_3-clip-1.mp4: 0:01:13.340000
TK-Hinshaw_2-clip-4.mp4: 0:00:16.070000
TK-Hinshaw_7-clip-0.mp4: 0:01:03.730000
TK-Hinshaw_9-clip-2.mp4: 0:00:19.410000
TK-Hinshaw_0-clip-0.mp4: 0:01:06.940000
TK-Hinshaw_11-clip-0.mp4: 0:01:09.520000
TK-Hinshaw_1-clip-1.mp4: 0:01:11.260000
TK-Hinshaw_5-clip-0.mp4: 0:01:25.220000
TK-Hinshaw_4-clip-3.mp4: 0:00:43.240000
TK-Hinshaw_10-clip-0.mp4: 0:00:51.460000
TK-Hinshaw_12-clip-0.mp4: 0:01:00.160000
TK-Hinshaw_8-clip-1.mp4: 0:01:11.750000
Norwegian-Explorer_2-clip-0.mp4: 0:03:54.240000
Norwegian-Explorer_1-clip-26.mp4: 0:01:04.630000
Norwegian-Explorer_4-clip-17.mp4: 0:01:09.340000
Norwegian-Explorer_5-manual.mp4: 0:01:03.160000
Norwegian-Explorer_7-clip-0.mp4: 0:01:01.330000
Norwegian-Explorer_6-clip-59.mp4: 0:00:52.150000
Norwegian-Explorer_0-clip-10.mp4: 0:01:06.670000
Norwegian-Explorer_11-clip-54.mp4: 0:01:16.720000
Norwegian-Explorer_8-clip-1.mp4: 0:01:19.270000
Norwegian-Explorer_3-clip-35.mp4: 0:01:11.240000
Norwegian-Explorer_9-clip-13.mp4: 0:02:04.700000
Norwegian-Explorer_10-clip-16.mp4: 0:01:18.370000
Primal-Earth-Sounds_3-clip-48.mp4: 0:01:06.800000
Primal-Earth-Sounds_9-clip-26.mp4: 0:01:03.460000
Primal-Earth-Sounds_5-clip-20.mp4: 0:01:30.830000
Primal-Earth-Sounds_6-clip-40.mp4: 0:01:08.690000
Primal-Earth-Sounds_10-clip-7.mp4: 0:03:06.040000
Primal-Earth-Sounds_7-clip-32.mp4: 0:01:13.330000
Primal-Earth-Sounds_11-clip-7.mp4: 0:02:36.710000
Primal-Earth-Sounds_0-clip-44.mp4: 0:03:44.510000
Primal-Earth-Sounds_2-manual.mp4: 0:00:51.020000
Primal-Earth-Sounds_1-clip-74.mp4: 0:02:31.560000
Primal-Earth-Sounds_8-clip-21.mp4: 0:01:07.520000
Primal-Earth-Sounds_4-clip-30.mp4: 0:01:04.920000
TreadmillTV_6-clip-2.mp4: 0:01:23.980000
TreadmillTV_7-clip-15.mp4: 0:02:00.620000
TreadmillTV_8-clip-11.mp4: 0:01:49.090000
TreadmillTV_11-clip-24.mp4: 0:01:02.100000
TreadmillTV_0-clip-2.mp4: 0:01:01.070000
TreadmillTV_1-clip-13.mp4: 0:01:06.570000
TreadmillTV_5-clip-7.mp4: 0:02:43.430000
TreadmillTV_3-clip-12.mp4: 0:01:01.950000
TreadmillTV_9-clip-2.mp4: 0:03:13.280000
TreadmillTV_12-manual.mp4: 0:01:30.020000
TreadmillTV_10-clip-15.mp4: 0:01:26.380000
TreadmillTV_4-clip-5.mp4: 0:02:41.660000
TreadmillTV_2-clip-1.mp4: 0:01:08.340000
The-Flying-Dutchman_7-clip-29.mp4: 0:01:41.380000
The-Flying-Dutchman_9-clip-5.mp4: 0:01:03
The-Flying-Dutchman_3-clip-11.mp4: 0:01:42.800000
The-Flying-Dutchman_10-clip-16.mp4: 0:01:00.470000
The-Flying-Dutchman_1-clip-0.mp4: 0:01:09.870000
The-Flying-Dutchman_6-clip-7.mp4: 0:01:03.480000
The-Flying-Dutchman_4-clip-9.mp4: 0:01:12.750000
The-Flying-Dutchman_11-clip-14.mp4: 0:01:01.560000
The-Flying-Dutchman_8-clip-25.mp4: 0:01:47.070000
The-Flying-Dutchman_2-clip-10.mp4: 0:01:04.480000
The-Flying-Dutchman_0-clip-6.mp4: 0:01:15.930000
The-Flying-Dutchman_5-clip-30.mp4: 0:01:11.100000
4k-Relaxation_6-manual.mp4: 0:01:10.030000
4k-Relaxation_8-manual.mp4: 0:01:19.650000
4k-Relaxation_1-clip-194.mp4: 0:01:01.380000
4k-Relaxation_9-clip-0.mp4: 0:01:05.020000
4k-Relaxation_7-clip-9.mp4: 0:03:46.230000
4k-Relaxation_10-manual.mp4: 0:01:14.860000
4k-Relaxation_3-clip-4.mp4: 0:01:59.980000
4k-Relaxation_4-clip-4.mp4: 0:01:09.870000
4k-Relaxation_0-clip-2.mp4: 0:01:17.950000
4k-Relaxation_12-clip-6.mp4: 0:03:14.350000
4k-Relaxation_11-manual.mp4: 0:02:01.890000
4k-Relaxation_5-manual.mp4: 0:01:20.830000
4k-Relaxation_2-clip-28.mp4: 0:03:35.020000
Virtual-Running-Videos_8-clip-16.mp4: 0:01:32.930000
Virtual-Running-Videos_3-clip-16.mp4: 0:02:08.890000
Virtual-Running-Videos_0-manual.mp4: 0:01:14.940000
Virtual-Running-Videos_4-clip-16.mp4: 0:01:06.940000
Virtual-Running-Videos_5-clip-20.mp4: 0:02:03.880000
Virtual-Running-Videos_7-clip-11.mp4: 0:01:45.140000
Virtual-Running-Videos_9-clip-1.mp4: 0:02:18.870000
Virtual-Running-Videos_6-manual.mp4: 0:01:01.790000
Virtual-Running-Videos_1-clip-0.mp4: 0:01:00.070000
Virtual-Running-Videos_10-clip-25.mp4: 0:01:03.580000
Virtual-Running-Videos_2-clip-8.mp4: 0:01:40.310000
Virtual-Running-Videos_11-clip-3.mp4: 0:00:55.710000
Nick-Gaillard_1-clip-2.mp4: 0:01:09.170000
Nick-Gaillard_7-clip-0.mp4: 0:01:01.420000
Nick-Gaillard_9-clip-0.mp4: 0:01:01.400000
Nick-Gaillard_4-clip-2.mp4: 0:01:24.310000
Nick-Gaillard_8-clip-1.mp4: 0:01:04.920000
Nick-Gaillard_6-clip-1.mp4: 0:00:23.060000
Nick-Gaillard_0-clip-2.mp4: 0:00:28.610000
Nick-Gaillard_11-clip-1.mp4: 0:01:04.130000
Nick-Gaillard_2-clip-2.mp4: 0:01:08.290000
Nick-Gaillard_10-clip-0.mp4: 0:01:01.230000
Nick-Gaillard_5-clip-0.mp4: 0:01:02
Nick-Gaillard_12-clip-1.mp4: 0:01:03.760000
Nick-Gaillard_3-clip-2.mp4: 0:00:52.710000
Missing original videos:




Video clips that pass 4 mins:



Video clips that under half min:



Existing clips number: 100

Max duration: 3.9 min = 234.24 s, min duration: 0.3 min = 16.07 s, average duration:     1.4 min = 85.9747 s
