BC-Bushcraft_6-clip-0.mp4: 0:02:50.270000
BC-Bushcraft_10-clip-8.mp4: 0:01:26.890000
BC-Bushcraft_1-clip-8.mp4: 0:01:06.610000
BC-Bushcraft_4-clip-4.mp4: 0:01:02.600000
BC-Bushcraft_11-clip-31.mp4: 0:03:25.110000
BC-Bushcraft_0-clip-4.mp4: 0:01:17.140000
BC-Bushcraft_7-clip-2.mp4: 0:01:15.420000
BC-Bushcraft_5-clip-10.mp4: 0:01:02.040000
BC-Bushcraft_3-clip-0.mp4: 0:01:04.830000
BC-Bushcraft_9-clip-5.mp4: 0:01:03.720000
BC-Bushcraft_8-clip-6.mp4: 0:01:06.430000
BC-Bushcraft_2-clip-2.mp4: 0:01:07.220000
Joe-Robinet_10-clip-8.mp4: 0:01:09.440000
Joe-Robinet_0-clip-23.mp4: 0:01:05.550000
Joe-Robinet_9-clip-2.mp4: 0:01:07.710000
Joe-Robinet_11-clip-2.mp4: 0:01:06.870000
Joe-Robinet_3-clip-4.mp4: 0:01:07.390000
Joe-Robinet_4-clip-0.mp4: 0:02:57.210000
Joe-Robinet_1-clip-20.mp4: 0:01:05.690000
Joe-Robinet_2-clip-5.mp4: 0:01:14.680000
Joe-Robinet_5-clip-23.mp4: 0:01:00.060000
Joe-Robinet_8-clip-7.mp4: 0:01:37.010000
Joe-Robinet_7-clip-0.mp4: 0:02:15.140000
Joe-Robinet_6-clip-3.mp4: 0:01:01.980000
Bertram-Craft_0-clip-8.mp4: 0:01:25.710000
Bertram-Craft_11-clip-3.mp4: 0:01:41.630000
Bertram-Craft_6-clip-6.mp4: 0:01:24.380000
Bertram-Craft_3-clip-8.mp4: 0:01:01.320000
Bertram-Craft_4-clip-0.mp4: 0:01:05.570000
Bertram-Craft_9-clip-11.mp4: 0:01:05.340000
Bertram-Craft_5-clip-33.mp4: 0:01:27.870000
Bertram-Craft_1-clip-3.mp4: 0:01:01.020000
Bertram-Craft_8-clip-5.mp4: 0:01:03.790000
Bertram-Craft_10-clip-8.mp4: 0:01:01.390000
Bertram-Craft_12-clip-25.mp4: 0:01:05.900000
Bertram-Craft_7-clip-6.mp4: 0:01:02.190000
Bertram-Craft_2-clip-3.mp4: 0:01:08.010000
King-Kong-Amazon_3-clip-9.mp4: 0:01:24.500000
King-Kong-Amazon_1-clip-9.mp4: 0:00:48
King-Kong-Amazon_10-clip-13.mp4: 0:01:16.860000
King-Kong-Amazon_7-clip-3.mp4: 0:01:04.110000
King-Kong-Amazon_5-clip-14.mp4: 0:01:28.100000
King-Kong-Amazon_9-clip-13.mp4: 0:01:02.440000
King-Kong-Amazon_2-clip-7.mp4: 0:01:13.350000
King-Kong-Amazon_12-clip-2.mp4: 0:01:04.810000
King-Kong-Amazon_8-clip-2.mp4: 0:01:34.170000
King-Kong-Amazon_6-clip-3.mp4: 0:01:08.150000
King-Kong-Amazon_11-clip-7.mp4: 0:01:05.040000
King-Kong-Amazon_4-clip-7.mp4: 0:01:23.850000
King-Kong-Amazon_0-clip-5.mp4: 0:01:48.040000
Survival-Skills-Primitive_9-clip-35.mp4: 0:01:21.830000
Survival-Skills-Primitive_1-clip-7.mp4: 0:01:22.040000
Survival-Skills-Primitive_3-clip-0.mp4: 0:01:04.100000
Survival-Skills-Primitive_11-clip-0.mp4: 0:01:00.700000
Survival-Skills-Primitive_6-clip-4.mp4: 0:01:03.760000
Survival-Skills-Primitive_2-clip-2.mp4: 0:01:14.440000
Survival-Skills-Primitive_4-clip-54.mp4: 0:02:24.030000
Survival-Skills-Primitive_7-clip-5.mp4: 0:01:11.240000
Survival-Skills-Primitive_5-clip-3.mp4: 0:01:02.320000
Survival-Skills-Primitive_8-clip-7.mp4: 0:01:01.390000
Survival-Skills-Primitive_0-clip-0.mp4: 0:01:16.030000
Survival-Skills-Primitive_10-clip-4.mp4: 0:01:01.370000
Primitive-Technology_4-clip-2.mp4: 0:01:01.930000
Primitive-Technology_1-clip-8.mp4: 0:01:17.790000
Primitive-Technology_10-clip-3.mp4: 0:01:00.670000
Primitive-Technology_0-clip-0.mp4: 0:01:03.190000
Primitive-Technology_7-clip-4.mp4: 0:01:05.460000
Primitive-Technology_9-clip-5.mp4: 0:01:05.250000
Primitive-Technology_12-clip-3.mp4: 0:01:27.770000
Primitive-Technology_8-clip-1.mp4: 0:01:04.190000
Primitive-Technology_11-clip-8.mp4: 0:01:02.140000
Primitive-Technology_5-clip-0.mp4: 0:01:09.340000
Primitive-Technology_3-clip-1.mp4: 0:01:03.600000
Primitive-Technology_2-clip-2.mp4: 0:01:09.150000
Primitive-Technology_6-clip-3.mp4: 0:01:00.280000
Survival-Instinct_5-clip-12.mp4: 0:01:08.200000
Survival-Instinct_6-clip-0.mp4: 0:01:41.340000
Survival-Instinct_1-clip-10.mp4: 0:01:02.510000
Survival-Instinct_8-clip-4.mp4: 0:01:01.910000
Survival-Instinct_11-clip-10.mp4: 0:01:03.620000
Survival-Instinct_0-clip-6.mp4: 0:01:04.040000
Survival-Instinct_9-clip-2.mp4: 0:01:04.530000
Survival-Instinct_4-clip-14.mp4: 0:01:19.270000
Survival-Instinct_3-clip-7.mp4: 0:01:01.530000
Survival-Instinct_7-clip-8.mp4: 0:01:00.700000
Survival-Instinct_10-clip-9.mp4: 0:01:03.900000
Survival-Instinct_2-clip-1.mp4: 0:01:00.300000
Chad-Zuber_4-clip-2.mp4: 0:01:10.430000
Chad-Zuber_2-clip-4.mp4: 0:01:04.250000
Chad-Zuber_8-clip-3.mp4: 0:01:01.930000
Chad-Zuber_11-clip-1.mp4: 0:01:36.870000
Chad-Zuber_1-clip-10.mp4: 0:01:05.630000
Chad-Zuber_9-clip-2.mp4: 0:01:00.210000
Chad-Zuber_7-clip-7.mp4: 0:01:04.270000
Chad-Zuber_6-clip-6.mp4: 0:01:18.180000
Chad-Zuber_3-clip-1.mp4: 0:01:05.900000
Chad-Zuber_5-clip-0.mp4: 0:01:00.670000
Chad-Zuber_10-clip-20.mp4: 0:01:06.620000
Chad-Zuber_12-clip-12.mp4: 0:01:10.800000
Chad-Zuber_0-clip-1.mp4: 0:01:00.210000
Missing original videos:




Video clips that pass 4 mins:



Video clips that under half min:



Existing clips number: 100

Max duration: 3.4 min = 205.11 s, min duration: 0.8 min = 48.0 s, average duration:     1.2 min = 74.64380000000001 s
