Army-military-2018_3-clip-6.mp4: 0:00:53.340000
Army-military-2018_12-clip-4.mp4: 0:01:11.840000
Army-military-2018_9-clip-34.mp4: 0:01:01.510000
Army-military-2018_10-clip-0.mp4: 0:01:01.860000
Army-military-2018_7-clip-2.mp4: 0:01:00.700000
Army-military-2018_6-clip-1.mp4: 0:01:00.610000
Army-military-2018_8-clip-73.mp4: 0:01:17.160000
Army-military-2018_5-clip-0.mp4: 0:01:00.460000
Army-military-2018_0-clip-8.mp4: 0:01:01
Army-military-2018_4-clip-0.mp4: 0:03:04.530000
Army-military-2018_1-clip-3.mp4: 0:01:02.300000
Army-military-2018_11-clip-4.mp4: 0:01:05.410000
Army-military-2018_2-clip-0.mp4: 0:01:03.500000
AiirSource-Military_9-manual.mp4: 0:01:13.070000
AiirSource-Military_3-clip-0.mp4: 0:01:02.070000
AiirSource-Military_5-clip-1.mp4: 0:01:01.670000
AiirSource-Military_2-clip-0.mp4: 0:01:02.320000
AiirSource-Military_12-manual.mp4: 0:01:05.710000
AiirSource-Military_7-clip-1.mp4: 0:01:06.080000
AiirSource-Military_10-clip-0.mp4: 0:01:04.700000
AiirSource-Military_8-clip-1.mp4: 0:01:16.710000
AiirSource-Military_6-clip-1.mp4: 0:00:54.540000
AiirSource-Military_11-clip-0.mp4: 0:00:58.840000
AiirSource-Military_1-clip-0.mp4: 0:01:09.570000
AiirSource-Military_4-manual.mp4: 0:00:55.160000
AiirSource-Military_0-clip-2.mp4: 0:02:06.690000
WarLeaks-Military-Blog_8-clip-0.mp4: 0:01:00.610000
WarLeaks-Military-Blog_9-clip-0.mp4: 0:01:11.080000
WarLeaks-Military-Blog_7-clip-1.mp4: 0:00:21.270000
WarLeaks-Military-Blog_4-clip-1.mp4: 0:01:02.970000
WarLeaks-Military-Blog_1-clip-0.mp4: 0:01:00.410000
WarLeaks-Military-Blog_11-manual.mp4: 0:00:38.520000
WarLeaks-Military-Blog_0-clip-0.mp4: 0:01:00.300000
WarLeaks-Military-Blog_3-manual.mp4: 0:00:54.010000
WarLeaks-Military-Blog_5-clip-0.mp4: 0:01:17.420000
WarLeaks-Military-Blog_2-clip-3.mp4: 0:01:05.160000
WarLeaks-Military-Blog_6-clip-0.mp4: 0:00:44.070000
WarLeaks-Military-Blog_10-clip-3.mp4: 0:01:04.740000
Sandboxx_3-clip-0.mp4: 0:01:03.830000
Sandboxx_4-manual.mp4: 0:01:27.020000
Sandboxx_0-clip-4.mp4: 0:01:11.960000
Sandboxx_2-clip-2.mp4: 0:01:01.280000
Sandboxx_11-clip-1.mp4: 0:01:07.180000
Sandboxx_5-manual.mp4: 0:01:00.810000
Sandboxx_7-clip-0.mp4: 0:01:00.300000
Sandboxx_1-clip-1.mp4: 0:01:04.300000
Sandboxx_8-clip-0.mp4: 0:01:00.070000
Sandboxx_6-clip-0.mp4: 0:01:00.610000
Sandboxx_9-clip-4.mp4: 0:01:05.900000
Sandboxx_10-clip-1.mp4: 0:00:39.220000
MilitaryNotes_7-clip-0.mp4: 0:01:02.530000
MilitaryNotes_2-clip-0.mp4: 0:01:00.540000
MilitaryNotes_11-clip-1.mp4: 0:01:02.040000
MilitaryNotes_3-manual.mp4: 0:01:54.010000
MilitaryNotes_5-clip-0.mp4: 0:01:00.300000
MilitaryNotes_9-manual.mp4: 0:00:47.790000
MilitaryNotes_4-clip-0.mp4: 0:01:07.550000
MilitaryNotes_10-clip-0.mp4: 0:01:01.160000
MilitaryNotes_6-clip-1.mp4: 0:01:01.460000
MilitaryNotes_0-clip-0.mp4: 0:01:01.300000
MilitaryNotes_8-clip-0.mp4: 0:01:09.610000
MilitaryNotes_1-clip-0.mp4: 0:01:02.900000
Gung-Ho-Vids_12-clip-1.mp4: 0:01:00.630000
Gung-Ho-Vids_3-clip-0.mp4: 0:01:12.910000
Gung-Ho-Vids_8-clip-0.mp4: 0:01:00.610000
Gung-Ho-Vids_6-clip-0.mp4: 0:01:11.910000
Gung-Ho-Vids_2-clip-2.mp4: 0:01:04.070000
Gung-Ho-Vids_9-clip-0.mp4: 0:01:02.600000
Gung-Ho-Vids_10-clip-0.mp4: 0:01:06
Gung-Ho-Vids_1-clip-3.mp4: 0:01:25.500000
Gung-Ho-Vids_11-clip-4.mp4: 0:01:03.140000
Gung-Ho-Vids_7-clip-1.mp4: 0:01:01.800000
Gung-Ho-Vids_4-clip-0.mp4: 0:01:03.700000
Gung-Ho-Vids_0-clip-2.mp4: 0:01:29.440000
Gung-Ho-Vids_5-clip-2.mp4: 0:01:02.810000
USA-Military-Channel_12-clip-7.mp4: 0:01:07.660000
USA-Military-Channel_9-manual.mp4: 0:01:17.250000
USA-Military-Channel_3-clip-1.mp4: 0:01:01.560000
USA-Military-Channel_6-manual.mp4: 0:02:01.420000
USA-Military-Channel_11-clip-2.mp4: 0:01:03.320000
USA-Military-Channel_10-clip-2.mp4: 0:01:03.930000
USA-Military-Channel_4-clip-0.mp4: 0:01:02.670000
USA-Military-Channel_2-clip-1.mp4: 0:01:03.600000
USA-Military-Channel_0-clip-6.mp4: 0:01:06.630000
USA-Military-Channel_1-clip-1.mp4: 0:01:01.930000
USA-Military-Channel_7-clip-0.mp4: 0:01:20.600000
USA-Military-Channel_5-clip-2.mp4: 0:00:57.190000
USA-Military-Channel_8-clip-3.mp4: 0:01:01.700000
Military-Archive_0-clip-5.mp4: 0:01:00.980000
Military-Archive_4-clip-0.mp4: 0:01:03.030000
Military-Archive_6-clip-0.mp4: 0:01:04.900000
Military-Archive_9-clip-4.mp4: 0:01:01.600000
Military-Archive_3-clip-0.mp4: 0:03:52.080000
Military-Archive_7-clip-4.mp4: 0:01:11.520000
Military-Archive_1-clip-3.mp4: 0:01:00.980000
Military-Archive_10-clip-4.mp4: 0:01:06.200000
Military-Archive_2-clip-1.mp4: 0:01:01.330000
Military-Archive_5-clip-1.mp4: 0:01:06.870000
Military-Archive_8-clip-0.mp4: 0:01:00.460000
Military-Archive_11-clip-0.mp4: 0:01:00.070000
Missing original videos:




Video clips that pass 4 mins:



Video clips that under half min:



Existing clips number: 100

Max duration: 3.9 min = 232.07999999999998 s, min duration: 0.4 min = 21.27 s, average duration:     1.1 min = 68.0018 s
