Weathershot_0-clip-2.mp4: 0:01:05.760000
Weathershot_1-clip-0.mp4: 0:01:07.400000
Weathershot_3-clip-1.mp4: 0:01:07.040000
Weathershot_4-clip-1.mp4: 0:01:06.830000
Weathershot_11-clip-0.mp4: 0:01:00.440000
Weathershot_5-clip-0.mp4: 0:01:05.570000
Weathershot_7-clip-0.mp4: 0:01:29.050000
Weathershot_10-clip-0.mp4: 0:01:08.840000
Weathershot_2-clip-2.mp4: 0:00:55.870000
Weathershot_6-clip-0.mp4: 0:01:01.920000
Weathershot_9-clip-1.mp4: 0:01:06.340000
Weathershot_8-clip-2.mp4: 0:00:48.180000
Climate-Change_0-clip-4.mp4: 0:01:04.130000
Climate-Change_10-clip-14.mp4: 0:01:02.560000
Climate-Change_1-clip-10.mp4: 0:01:02.690000
Climate-Change_9-clip-3.mp4: 0:01:01.740000
Climate-Change_8-clip-9.mp4: 0:01:09.500000
Climate-Change_3-clip-8.mp4: 0:01:08.830000
Climate-Change_2-clip-4.mp4: 0:01:04.470000
Climate-Change_11-clip-14.mp4: 0:01:04.670000
Climate-Change_12-clip-16.mp4: 0:01:05.030000
Climate-Change_6-clip-7.mp4: 0:01:08.170000
Climate-Change_5-clip-11.mp4: 0:01:00.330000
Climate-Change_4-clip-2.mp4: 0:01:13.270000
Climate-Change_7-clip-3.mp4: 0:01:07.430000
Skip-Talbot_8-clip-6.mp4: 0:01:06.900000
Skip-Talbot_9-clip-0.mp4: 0:01:23.380000
Skip-Talbot_11-clip-3.mp4: 0:01:02.140000
Skip-Talbot_10-clip-0.mp4: 0:01:06.800000
Skip-Talbot_6-clip-5.mp4: 0:01:10.130000
Skip-Talbot_5-clip-1.mp4: 0:00:50.640000
Skip-Talbot_7-clip-4.mp4: 0:01:04.870000
Skip-Talbot_2-clip-0.mp4: 0:01:02.670000
Skip-Talbot_1-clip-0.mp4: 0:00:58.270000
Skip-Talbot_4-clip-2.mp4: 0:00:58.680000
Skip-Talbot_0-clip-9.mp4: 0:01:23.640000
Skip-Talbot_3-clip-9.mp4: 0:01:13.240000
Skip-Talbot_12-clip-2.mp4: 0:01:39.570000
Tornado-Trackers_2-clip-2.mp4: 0:01:00.810000
Tornado-Trackers_8-clip-2.mp4: 0:01:08.590000
Tornado-Trackers_9-clip-1.mp4: 0:01:06.480000
Tornado-Trackers_3-clip-0.mp4: 0:01:40.910000
Tornado-Trackers_6-clip-2.mp4: 0:01:09.900000
Tornado-Trackers_0-clip-1.mp4: 0:00:46.370000
Tornado-Trackers_4-clip-4.mp4: 0:01:20.110000
Tornado-Trackers_7-clip-3.mp4: 0:01:15
Tornado-Trackers_10-clip-4.mp4: 0:01:00.490000
Tornado-Trackers_5-clip-3.mp4: 0:01:05.130000
Tornado-Trackers_1-clip-0.mp4: 0:01:00.810000
Tornado-Trackers_11-clip-1.mp4: 0:01:25.250000
Natural-Disaster_1-manual.mp4: 0:00:11.350000
Natural-Disaster_0-clip-0.mp4: 0:00:29.470000
Natural-Disaster_7-clip-0.mp4: 0:00:17.020000
Natural-Disaster_4-manual.mp4: 0:00:22.730000
Natural-Disaster_11-clip-0.mp4: 0:00:31.350000
Natural-Disaster_6-clip-0.mp4: 0:00:37.480000
Natural-Disaster_10-clip-0.mp4: 0:01:01.230000
Natural-Disaster_5-clip-0.mp4: 0:00:52.920000
Natural-Disaster_2-clip-1.mp4: 0:00:38.620000
Natural-Disaster_9-clip-0.mp4: 0:00:41.540000
Natural-Disaster_3-manual.mp4: 0:00:26.190000
Natural-Disaster_8-clip-0.mp4: 0:01:05.780000
Ultimate-Chase_11-clip-0.mp4: 0:00:46.810000
Ultimate-Chase_8-clip-0.mp4: 0:01:00.350000
Ultimate-Chase_10-clip-2.mp4: 0:01:04.810000
Ultimate-Chase_1-clip-2.mp4: 0:01:03.370000
Ultimate-Chase_0-clip-0.mp4: 0:01:06.100000
Ultimate-Chase_4-clip-0.mp4: 0:00:57.190000
Ultimate-Chase_2-clip-0.mp4: 0:01:02.730000
Ultimate-Chase_5-clip-0.mp4: 0:01:02.130000
Ultimate-Chase_7-clip-0.mp4: 0:01:06.400000
Ultimate-Chase_9-clip-0.mp4: 0:01:33.810000
Ultimate-Chase_3-clip-4.mp4: 0:01:02.730000
Ultimate-Chase_6-manual.mp4: 0:00:31.250000
Disaster-Compilations_12-clip-0.mp4: 0:01:09.280000
Disaster-Compilations_6-clip-2.mp4: 0:01:03.040000
Disaster-Compilations_7-clip-1.mp4: 0:00:44.100000
Disaster-Compilations_2-clip-2.mp4: 0:01:08.990000
Disaster-Compilations_5-clip-0.mp4: 0:01:00.300000
Disaster-Compilations_0-clip-1.mp4: 0:01:01.140000
Disaster-Compilations_9-clip-2.mp4: 0:01:09.030000
Disaster-Compilations_8-clip-4.mp4: 0:01:11.470000
Disaster-Compilations_10-clip-0.mp4: 0:01:05.180000
Disaster-Compilations_3-clip-2.mp4: 0:01:00.730000
Disaster-Compilations_1-clip-1.mp4: 0:01:12.010000
Disaster-Compilations_4-clip-2.mp4: 0:01:03.250000
Disaster-Compilations_11-manual.mp4: 0:00:39.380000
Dan-Robinson_11-clip-0.mp4: 0:00:34.550000
Dan-Robinson_2-manual.mp4: 0:00:47.670000
Dan-Robinson_3-clip-3.mp4: 0:01:02.110000
Dan-Robinson_0-clip-2.mp4: 0:01:45.120000
Dan-Robinson_8-clip-6.mp4: 0:00:45.190000
Dan-Robinson_7-clip-1.mp4: 0:01:05.410000
Dan-Robinson_5-clip-2.mp4: 0:00:36.800000
Dan-Robinson_12-clip-0.mp4: 0:01:06.130000
Dan-Robinson_10-clip-0.mp4: 0:01:03.460000
Dan-Robinson_1-clip-2.mp4: 0:01:02.490000
Dan-Robinson_9-clip-0.mp4: 0:01:01.760000
Dan-Robinson_4-clip-1.mp4: 0:00:57.540000
Dan-Robinson_6-clip-6.mp4: 0:01:06.620000
Missing original videos:




Video clips that pass 4 mins:



Video clips that under half min:



Existing clips number: 100

Max duration: 1.8 min = 105.12 s, min duration: 0.2 min = 11.35 s, average duration:     1.0 min = 61.32949999999999 s
